{
  "stats": {
    "suites": 1,
    "tests": 5,
    "passes": 5,
    "pending": 0,
    "failures": 0,
    "start": "2020-05-24T18:52:49.695Z",
    "end": "2020-05-24T18:53:00.723Z",
    "duration": 11028,
    "testsRegistered": 5,
    "passPercent": 100,
    "pendingPercent": 0,
    "other": 0,
    "hasOther": false,
    "skipped": 0,
    "hasSkipped": false
  },
  "results": [
    {
      "uuid": "6ae4848c-f7d7-447d-aaa6-c3ad8e13667e",
      "title": "",
      "fullFile": "cypress/integration/examples/vrt.spec.js",
      "file": "cypress/integration/examples/vrt.spec.js",
      "beforeHooks": [],
      "afterHooks": [],
      "tests": [],
      "suites": [
        {
          "uuid": "1133ee18-82bb-442a-a28d-af8856b589c6",
          "title": "VRT",
          "fullFile": "",
          "file": "",
          "beforeHooks": [],
          "afterHooks": [],
          "tests": [
            {
              "title": "visit",
              "fullTitle": "VRT visit",
              "timedOut": null,
              "duration": 1635,
              "state": "passed",
              "speed": "slow",
              "pass": true,
              "fail": false,
              "pending": false,
              "context": null,
              "code": "cy.visit(startPage.pageURL);\ncy.percySnapshot('login-page');",
              "err": {},
              "uuid": "202ba021-3f00-402c-8fb0-1dcc17948ce2",
              "parentUUID": "1133ee18-82bb-442a-a28d-af8856b589c6",
              "isHook": false,
              "skipped": false
            },
            {
              "title": "login",
              "fullTitle": "VRT login",
              "timedOut": null,
              "duration": 3021,
              "state": "passed",
              "speed": "slow",
              "pass": true,
              "fail": false,
              "pending": false,
              "context": null,
              "code": "startPage.validLogin(cy);\ncy.wait(500);\ncy.percySnapshot('overview-page');",
              "err": {},
              "uuid": "ccc3681a-cb9b-43d1-88f0-6e2e88c70db1",
              "parentUUID": "1133ee18-82bb-442a-a28d-af8856b589c6",
              "isHook": false,
              "skipped": false
            },
            {
              "title": "view clients",
              "fullTitle": "VRT view clients",
              "timedOut": null,
              "duration": 885,
              "state": "passed",
              "speed": "slow",
              "pass": true,
              "fail": false,
              "pending": false,
              "context": null,
              "code": "overviewPage.viewClientsClick(cy);\ncy.percySnapshot('clients-page');",
              "err": {},
              "uuid": "8a014c2c-8cc0-4ced-9b4c-2f5eacf6135b",
              "parentUUID": "1133ee18-82bb-442a-a28d-af8856b589c6",
              "isHook": false,
              "skipped": false
            },
            {
              "title": "create client",
              "fullTitle": "VRT create client",
              "timedOut": null,
              "duration": 1146,
              "state": "passed",
              "speed": "slow",
              "pass": true,
              "fail": false,
              "pending": false,
              "context": null,
              "code": "clientPage.createClient(cy);\ncy.percySnapshot('create-new-client-page');\ncy.get('.actions .btn:nth-child(1)').click();\nclientPage.backToOverview(cy);",
              "err": {},
              "uuid": "cb9d5494-da77-4ff2-af53-c4b069183060",
              "parentUUID": "1133ee18-82bb-442a-a28d-af8856b589c6",
              "isHook": false,
              "skipped": false
            },
            {
              "title": "view reservations",
              "fullTitle": "VRT view reservations",
              "timedOut": null,
              "duration": 936,
              "state": "passed",
              "speed": "slow",
              "pass": true,
              "fail": false,
              "pending": false,
              "context": null,
              "code": "overviewPage.viewReservationClick(cy);\ncy.percySnapshot('reservations-page');\nreservationPage.validLogout(cy);",
              "err": {},
              "uuid": "e6395f19-02f0-4646-a68f-a9fd86b025d6",
              "parentUUID": "1133ee18-82bb-442a-a28d-af8856b589c6",
              "isHook": false,
              "skipped": false
            }
          ],
          "suites": [],
          "passes": [
            "202ba021-3f00-402c-8fb0-1dcc17948ce2",
            "ccc3681a-cb9b-43d1-88f0-6e2e88c70db1",
            "8a014c2c-8cc0-4ced-9b4c-2f5eacf6135b",
            "cb9d5494-da77-4ff2-af53-c4b069183060",
            "e6395f19-02f0-4646-a68f-a9fd86b025d6"
          ],
          "failures": [],
          "pending": [],
          "skipped": [],
          "duration": 7623,
          "root": false,
          "rootEmpty": false,
          "_timeout": 2000
        }
      ],
      "passes": [],
      "failures": [],
      "pending": [],
      "skipped": [],
      "duration": 0,
      "root": true,
      "rootEmpty": true,
      "_timeout": 2000
    }
  ],
  "meta": {
    "mocha": {
      "version": "7.0.1"
    },
    "mochawesome": {
      "options": {
        "quiet": false,
        "reportFilename": "mochawesome",
        "saveHtml": true,
        "saveJson": true,
        "consoleReporter": "spec",
        "useInlineDiffs": false,
        "code": true
      },
      "version": "6.1.1"
    },
    "marge": {
      "options": {},
      "version": "5.1.0"
    }
  }
}